2020-12-14 22:29:55,986  INFO [main] BDDFramework:49 - browser opened
2020-12-14 22:29:56,706  INFO [main] BDDFramework:56 - url entered
2020-12-14 22:29:57,080  INFO [main] BDDFramework:63 - user credintial entered successfully
2020-12-14 22:29:57,604  INFO [main] BDDFramework:70 - Login button clicked
2020-12-14 22:29:57,632  INFO [main] BDDFramework:78 - Title test passed
2020-12-14 22:29:57,679  INFO [main] BDDFramework:85 - browser closed
2020-12-14 22:30:00,764  INFO [main] BDDFramework:49 - browser opened
2020-12-14 22:30:01,346  INFO [main] BDDFramework:56 - url entered
2020-12-14 22:30:01,968  INFO [main] BDDFramework:63 - user credintial entered successfully
2020-12-14 22:30:02,463  INFO [main] BDDFramework:70 - Login button clicked
2020-12-14 22:30:02,469  INFO [main] BDDFramework:78 - Title test passed
2020-12-14 22:30:02,505  INFO [main] BDDFramework:85 - browser closed
2020-12-14 22:30:05,615  INFO [main] BDDFramework:49 - browser opened
2020-12-14 22:30:06,241  INFO [main] BDDFramework:56 - url entered
2020-12-14 22:30:06,651  INFO [main] BDDFramework:63 - user credintial entered successfully
2020-12-14 22:30:07,172  INFO [main] BDDFramework:70 - Login button clicked
2020-12-14 22:30:07,178  INFO [main] BDDFramework:78 - Title test passed
2020-12-14 22:30:07,208  INFO [main] BDDFramework:85 - browser closed
2020-12-14 22:30:10,322  INFO [main] BDDFramework:49 - browser opened
2020-12-14 22:30:10,935  INFO [main] BDDFramework:56 - url entered
2020-12-14 22:30:11,345  INFO [main] BDDFramework:63 - user credintial entered successfully
2020-12-14 22:30:11,837  INFO [main] BDDFramework:70 - Login button clicked
2020-12-14 22:30:11,841  INFO [main] BDDFramework:78 - Title test passed
2020-12-14 22:30:11,871  INFO [main] BDDFramework:85 - browser closed
2020-12-14 22:42:53,018  INFO [main] BDDFramework:49 - browser opened
2020-12-14 22:42:53,679  INFO [main] BDDFramework:56 - url entered
2020-12-14 22:42:54,140  INFO [main] BDDFramework:63 - user credintial entered successfully
2020-12-14 22:42:54,611  INFO [main] BDDFramework:70 - Login button clicked
2020-12-14 22:42:54,618  INFO [main] BDDFramework:78 - Title test passed
2020-12-14 22:46:40,213  INFO [main] BDDFramework:49 - browser opened
2020-12-14 22:46:40,929  INFO [main] BDDFramework:56 - url entered
2020-12-14 22:46:41,313  INFO [main] BDDFramework:63 - user credintial entered successfully
2020-12-14 22:46:41,901  INFO [main] BDDFramework:70 - Login button clicked
2020-12-14 22:46:41,908  INFO [main] BDDFramework:78 - Title test passed
2020-12-14 22:55:31,571  INFO [main] BDDFramework:49 - browser opened
2020-12-14 22:55:32,233  INFO [main] BDDFramework:56 - url entered
2020-12-14 22:55:32,687  INFO [main] BDDFramework:63 - user credintial entered successfully
2020-12-14 22:55:33,229  INFO [main] BDDFramework:70 - Login button clicked
2020-12-14 22:55:33,237  INFO [main] BDDFramework:78 - Title test passed
2020-12-14 22:57:06,935  INFO [main] BDDFramework:49 - browser opened
2020-12-14 22:57:07,553  INFO [main] BDDFramework:56 - url entered
2020-12-14 22:57:08,048  INFO [main] BDDFramework:63 - user credintial entered successfully
2020-12-14 22:57:08,605  INFO [main] BDDFramework:70 - Login button clicked
2020-12-14 22:57:08,617  INFO [main] BDDFramework:78 - Title test passed
2020-12-14 23:03:32,840  INFO [main] BDDFramework:49 - browser opened
2020-12-14 23:03:33,617  INFO [main] BDDFramework:56 - url entered
2020-12-14 23:03:34,051  INFO [main] BDDFramework:63 - user credintial entered successfully
2020-12-14 23:03:35,536  INFO [main] BDDFramework:70 - Login button clicked
2020-12-14 23:03:35,544  INFO [main] BDDFramework:78 - Title test passed
2020-12-14 23:05:09,759  INFO [main] BDDFramework:49 - browser opened
2020-12-14 23:05:10,490  INFO [main] BDDFramework:56 - url entered
2020-12-14 23:05:11,025  INFO [main] BDDFramework:63 - user credintial entered successfully
2020-12-14 23:05:11,280  INFO [main] BDDFramework:70 - Login button clicked
2020-12-14 23:06:27,034  INFO [main] BDDFramework:49 - browser opened
2020-12-14 23:06:29,861  INFO [main] BDDFramework:57 - url entered
2020-12-14 23:06:30,057  INFO [main] BDDFramework:64 - user credintial entered successfully
2020-12-14 23:06:30,691  INFO [main] BDDFramework:71 - Login button clicked
2020-12-14 23:06:30,698  INFO [main] BDDFramework:79 - Title test passed
2020-12-14 23:59:38,743  INFO [main] BDDProject:50 - ************* Launching Browser *****************
2020-12-14 23:59:38,766  INFO [main] BDDProject:56 - ************* Opening URL  *****************
2020-12-14 23:59:39,968  INFO [main] BDDProject:71 - ************* click on login *****************
2020-12-14 23:59:43,531  INFO [main] BDDProject:86 - ************* Login Passed *****************
2020-12-14 23:59:46,538  INFO [main] BDDProject:94 - ************* clciking on logout *****************
2020-12-14 23:59:50,460  INFO [main] BDDProject:86 - ************* Login Passed *****************
2020-12-14 23:59:53,468  INFO [main] BDDProject:102 - ************* closing browser *****************
2020-12-15 00:01:04,208  INFO [main] BDDProject:50 - ************* Launching Browser *****************
2020-12-15 00:01:04,227  INFO [main] BDDProject:56 - ************* Opening URL  *****************
2020-12-15 00:01:05,385  INFO [main] BDDProject:71 - ************* click on login *****************
2020-12-15 00:01:09,676  INFO [main] BDDProject:86 - ************* Login Passed *****************
2020-12-15 00:01:12,683  INFO [main] BDDProject:94 - ************* clciking on logout *****************
2020-12-15 00:01:16,548  INFO [main] BDDProject:86 - ************* Login Passed *****************
2020-12-15 00:01:19,555  INFO [main] BDDProject:102 - ************* closing browser *****************
2020-12-15 00:01:22,859  INFO [main] BDDProject:50 - ************* Launching Browser *****************
2020-12-15 00:01:22,860  INFO [main] BDDProject:56 - ************* Opening URL  *****************
2020-12-15 00:01:24,051  INFO [main] BDDProject:71 - ************* click on login *****************
2020-12-15 00:01:28,140  INFO [main] BDDProject:86 - ************* Login Passed *****************
2020-12-15 00:01:31,146  INFO [main] BDDProject:94 - ************* clciking on logout *****************
2020-12-15 00:01:34,999  INFO [main] BDDProject:86 - ************* Login Passed *****************
2020-12-15 00:01:38,004  INFO [main] BDDProject:102 - ************* closing browser *****************
2020-12-15 00:01:41,303  INFO [main] BDDProject:50 - ************* Launching Browser *****************
2020-12-15 00:01:41,304  INFO [main] BDDProject:56 - ************* Opening URL  *****************
2020-12-15 00:01:42,446  INFO [main] BDDProject:71 - ************* click on login *****************
2020-12-15 00:01:43,124  INFO [main] BDDProject:80 - ************* Login failed *****************
2020-12-15 00:02:45,034  INFO [main] BDDProject:50 - ************* Launching Browser *****************
2020-12-15 00:02:45,049  INFO [main] BDDProject:56 - ************* Opening URL  *****************
2020-12-15 00:02:48,404  INFO [main] BDDProject:71 - ************* click on login *****************
2020-12-15 00:02:51,006  INFO [main] BDDProject:86 - ************* Login Passed *****************
2020-12-15 00:02:54,084  INFO [main] BDDProject:94 - ************* clciking on logout *****************
2020-12-15 00:02:57,951  INFO [main] BDDProject:86 - ************* Login Passed *****************
2020-12-15 00:03:00,959  INFO [main] BDDProject:102 - ************* closing browser *****************
2020-12-15 00:03:04,606  INFO [main] BDDProject:50 - ************* Launching Browser *****************
2020-12-15 00:03:04,607  INFO [main] BDDProject:56 - ************* Opening URL  *****************
2020-12-15 00:03:07,970  INFO [main] BDDProject:71 - ************* click on login *****************
2020-12-15 00:03:10,283  INFO [main] BDDProject:86 - ************* Login Passed *****************
2020-12-15 00:03:13,290  INFO [main] BDDProject:94 - ************* clciking on logout *****************
2020-12-15 00:04:38,227  INFO [main] BDDProject:50 - ************* Launching Browser *****************
2020-12-15 00:04:38,243  INFO [main] BDDProject:56 - ************* Opening URL  *****************
2020-12-15 00:04:41,585  INFO [main] BDDProject:71 - ************* click on login *****************
2020-12-15 00:04:44,233  INFO [main] BDDProject:86 - ************* Login Passed *****************
2020-12-15 00:04:47,262  INFO [main] BDDProject:94 - ************* clciking on logout *****************
2020-12-15 00:04:51,132  INFO [main] BDDProject:86 - ************* Login Passed *****************
2020-12-15 00:04:54,138  INFO [main] BDDProject:102 - ************* closing browser *****************
2020-12-15 00:04:57,801  INFO [main] BDDProject:50 - ************* Launching Browser *****************
2020-12-15 00:04:57,802  INFO [main] BDDProject:56 - ************* Opening URL  *****************
2020-12-15 00:05:01,165  INFO [main] BDDProject:71 - ************* click on login *****************
2020-12-15 00:05:04,222  INFO [main] BDDProject:86 - ************* Login Passed *****************
2020-12-15 00:05:07,230  INFO [main] BDDProject:94 - ************* clciking on logout *****************
2020-12-15 00:05:11,128  INFO [main] BDDProject:86 - ************* Login Passed *****************
2020-12-15 00:05:14,135  INFO [main] BDDProject:102 - ************* closing browser *****************
2020-12-15 00:05:17,842  INFO [main] BDDProject:50 - ************* Launching Browser *****************
2020-12-15 00:05:17,843  INFO [main] BDDProject:56 - ************* Opening URL  *****************
2020-12-15 00:05:20,889  INFO [main] BDDProject:71 - ************* click on login *****************
2020-12-15 00:05:21,511  INFO [main] BDDProject:80 - ************* Login failed *****************
2020-12-15 00:26:53,751  INFO [main] BDDProject:53 - ************* Launching Browser *****************
2020-12-15 00:26:53,766  INFO [main] BDDProject:59 - ************* Opening URL  *****************
2020-12-15 00:26:57,186  INFO [main] BDDProject:74 - ************* click on login *****************
2020-12-15 00:27:00,114  INFO [main] BDDProject:107 - ********* Verifying Dashboad page title after login successful **************
2020-12-15 00:27:03,124  INFO [main] BDDProject:114 - ********* Clicking on customer main menu **************
2020-12-15 00:27:05,205  INFO [main] BDDProject:121 - ********* Clicking on customer sub menu **************
2020-12-15 00:27:15,704  INFO [main] BDDProject:159 - ********* Saving customer details **************
2020-12-15 00:27:19,212  INFO [main] BDDProject:174 - ************* closing browser *****************
2020-12-15 00:41:29,507  INFO [main] BDDProject:54 - ************* Launching Browser *****************
2020-12-15 00:41:29,522  INFO [main] BDDProject:60 - ************* Opening URL  *****************
2020-12-15 00:41:32,896  INFO [main] BDDProject:75 - ************* click on login *****************
2020-12-15 00:41:35,530  INFO [main] BDDProject:108 - ********* Verifying Dashboad page title after login successful **************
2020-12-15 00:41:38,538  INFO [main] BDDProject:115 - ********* Clicking on customer main menu **************
2020-12-15 00:41:40,594  INFO [main] BDDProject:122 - ********* Clicking on customer sub menu **************
2020-12-15 00:41:50,899  INFO [main] BDDProject:160 - ********* Saving customer details **************
2020-12-15 00:41:54,413  INFO [main] BDDProject:193 - ************* closing browser *****************
2020-12-15 00:41:58,113  INFO [main] BDDProject:54 - ************* Launching Browser *****************
2020-12-15 00:41:58,114  INFO [main] BDDProject:60 - ************* Opening URL  *****************
2020-12-15 00:42:01,442  INFO [main] BDDProject:75 - ************* click on login *****************
2020-12-15 00:42:04,091  INFO [main] BDDProject:108 - ********* Verifying Dashboad page title after login successful **************
2020-12-15 00:42:07,098  INFO [main] BDDProject:115 - ********* Clicking on customer main menu **************
2020-12-15 00:42:09,154  INFO [main] BDDProject:122 - ********* Clicking on customer sub menu **************
2020-12-15 00:42:09,936  INFO [main] BDDProject:174 - ********* Searching customer details by Email **************
2020-12-15 00:42:13,149  INFO [main] BDDProject:193 - ************* closing browser *****************
2020-12-15 00:47:50,315  INFO [main] BDDProject:54 - ************* Launching Browser *****************
2020-12-15 00:47:50,330  INFO [main] BDDProject:60 - ************* Opening URL  *****************
2020-12-15 00:47:53,729  INFO [main] BDDProject:75 - ************* click on login *****************
2020-12-15 00:47:56,770  INFO [main] BDDProject:108 - ********* Verifying Dashboad page title after login successful **************
2020-12-15 00:47:59,783  INFO [main] BDDProject:115 - ********* Clicking on customer main menu **************
2020-12-15 00:48:01,835  INFO [main] BDDProject:122 - ********* Clicking on customer sub menu **************
2020-12-15 00:48:12,317  INFO [main] BDDProject:160 - ********* Saving customer details **************
2020-12-15 00:48:15,450  INFO [main] BDDProject:193 - ************* closing browser *****************
2020-12-15 00:48:19,130  INFO [main] BDDProject:54 - ************* Launching Browser *****************
2020-12-15 00:48:19,131  INFO [main] BDDProject:60 - ************* Opening URL  *****************
2020-12-15 00:48:22,468  INFO [main] BDDProject:75 - ************* click on login *****************
2020-12-15 00:48:25,261  INFO [main] BDDProject:108 - ********* Verifying Dashboad page title after login successful **************
2020-12-15 00:48:28,266  INFO [main] BDDProject:115 - ********* Clicking on customer main menu **************
2020-12-15 00:48:30,364  INFO [main] BDDProject:122 - ********* Clicking on customer sub menu **************
2020-12-15 00:48:31,458  INFO [main] BDDProject:174 - ********* Searching customer details by Email **************
2020-12-15 00:48:34,705  INFO [main] BDDProject:193 - ************* closing browser *****************
2020-12-15 00:48:38,385  INFO [main] BDDProject:54 - ************* Launching Browser *****************
2020-12-15 00:48:38,386  INFO [main] BDDProject:60 - ************* Opening URL  *****************
2020-12-15 00:48:41,776  INFO [main] BDDProject:75 - ************* click on login *****************
2020-12-15 00:48:44,785  INFO [main] BDDProject:108 - ********* Verifying Dashboad page title after login successful **************
2020-12-15 00:48:47,794  INFO [main] BDDProject:115 - ********* Clicking on customer main menu **************
2020-12-15 00:48:49,843  INFO [main] BDDProject:122 - ********* Clicking on customer sub menu **************
2020-12-15 00:48:50,618  INFO [main] BDDProject:200 - ********* Searching customer details by Name **************
2020-12-15 00:51:17,085  INFO [main] BDDProject:54 - ************* Launching Browser *****************
2020-12-15 00:51:17,101  INFO [main] BDDProject:60 - ************* Opening URL  *****************
2020-12-15 00:51:20,449  INFO [main] BDDProject:75 - ************* click on login *****************
2020-12-15 00:51:23,363  INFO [main] BDDProject:108 - ********* Verifying Dashboad page title after login successful **************
2020-12-15 00:51:26,371  INFO [main] BDDProject:115 - ********* Clicking on customer main menu **************
2020-12-15 00:51:28,433  INFO [main] BDDProject:122 - ********* Clicking on customer sub menu **************
2020-12-15 00:51:38,662  INFO [main] BDDProject:160 - ********* Saving customer details **************
2020-12-15 00:51:41,759  INFO [main] BDDProject:193 - ************* closing browser *****************
2020-12-15 00:51:45,467  INFO [main] BDDProject:54 - ************* Launching Browser *****************
2020-12-15 00:51:45,471  INFO [main] BDDProject:60 - ************* Opening URL  *****************
2020-12-15 00:51:48,825  INFO [main] BDDProject:75 - ************* click on login *****************
2020-12-15 00:51:51,680  INFO [main] BDDProject:108 - ********* Verifying Dashboad page title after login successful **************
2020-12-15 00:51:54,691  INFO [main] BDDProject:115 - ********* Clicking on customer main menu **************
2020-12-15 00:51:56,752  INFO [main] BDDProject:122 - ********* Clicking on customer sub menu **************
2020-12-15 00:51:57,536  INFO [main] BDDProject:174 - ********* Searching customer details by Email **************
2020-12-15 00:52:00,790  INFO [main] BDDProject:193 - ************* closing browser *****************
2020-12-15 00:52:04,479  INFO [main] BDDProject:54 - ************* Launching Browser *****************
2020-12-15 00:52:04,483  INFO [main] BDDProject:60 - ************* Opening URL  *****************
2020-12-15 00:52:07,818  INFO [main] BDDProject:75 - ************* click on login *****************
2020-12-15 00:52:10,389  INFO [main] BDDProject:108 - ********* Verifying Dashboad page title after login successful **************
2020-12-15 00:52:13,396  INFO [main] BDDProject:115 - ********* Clicking on customer main menu **************
2020-12-15 00:52:15,456  INFO [main] BDDProject:122 - ********* Clicking on customer sub menu **************
2020-12-15 00:52:16,216  INFO [main] BDDProject:200 - ********* Searching customer details by Name **************
2020-12-15 00:52:19,515  INFO [main] BDDProject:193 - ************* closing browser *****************
